2024-06-19 18:54:49,382 [START] INFO => Process started by User. Args: ['C:\\Users\\User\\OneDrive\\Área de Trabalho\\Test-RPA\\p000_main.py']

* params: None    
* function duration: None            | * time elapsed: None           
* success:None    
* output: None    


2024-06-19 18:54:49,402 [P001_PROJECT_SETUP] [T01_PROJECT_SETUP]  INFO => Configurações do projeto

* params: []      
* function duration: 0.019184s       | * time elapsed: 1.014852s      
* success: true   
* output: COnfiguração realizda.


2024-06-19 18:54:52,131 RPA.Browser.Selenium INFO => Webdriver version taken into use: ChromeDriver 126.0.6478.62 (b2781ca4c383af675f7a25c7b03b4a54e25e559a-refs/branch-heads/6478_56@{#4})


* params: None    
* function duration: None            | * time elapsed: None           
* success:None    
* output: None    


2024-06-19 18:54:52,133 RobotFramework INFO => Creating an instance of the Chrome WebDriver.

* params: None    
* function duration: None            | * time elapsed: None           
* success:None    
* output: None    


2024-06-19 18:54:53,244 RPA.Browser.Selenium INFO => Created Chrome browser (version 126.0.6478) with arguments: --start-maximized --disable-dev-shm-usage --disable-web-security --allow-running-insecure-content --no-sandbox

* params: None    
* function duration: None            | * time elapsed: None           
* success:None    
* output: None    


2024-06-19 18:54:53,246 RobotFramework INFO => <p>Attempted combinations:</p><div class="doc"><table><tr><th>Browser</th><th>Download</th><th>Error</th></tr><tr><td>Chrome</td><td>False</td><td></td></tr></table></div>

* params: None    
* function duration: None            | * time elapsed: None           
* success:None    
* output: None    


2024-06-19 18:54:53,247 RobotFramework INFO => Opening url 'https://www.latimes.com/'

* params: None    
* function duration: None            | * time elapsed: None           
* success:None    
* output: None    


2024-06-19 18:55:20,32 [P002_ACCESS_SITE] [T01_OPEN_BROWSER]  INFO => None

* params: ["<class 'p002_yahoo_news.P002_Access_Site'>"]
* function duration: 30.562786s      | * time elapsed: 31.644387s     
* success: true   
* output: Site opened


2024-06-19 18:55:54,137 RobotFramework INFO => Clicking element 'xpath://button[@data-element='search-button']'.

* params: None    
* function duration: None            | * time elapsed: None           
* success:None    
* output: None    


2024-06-19 18:55:54,942 RobotFramework INFO => Typing text 'economy' into text field '<selenium.webdriver.remote.webelement.WebElement (session="141c9ff0c46cd2575635c3d97fefeb67", element="f.0BEE649B8720139A00C2210C48F3BEFB.d.1BC9D2338CC66CDF127299E106EEB189.e.72")>'.

* params: None    
* function duration: None            | * time elapsed: None           
* success:None    
* output: None    


2024-06-19 18:55:55,250 RobotFramework INFO => Sending key(s) ('ENTER',) to <selenium.webdriver.remote.webelement.WebElement (session="141c9ff0c46cd2575635c3d97fefeb67", element="f.0BEE649B8720139A00C2210C48F3BEFB.d.1BC9D2338CC66CDF127299E106EEB189.e.72")> element.

* params: None    
* function duration: None            | * time elapsed: None           
* success:None    
* output: None    


2024-06-19 18:55:55,527 RobotFramework INFO => Pressing special key ENTER to element.

* params: None    
* function duration: None            | * time elapsed: None           
* success:None    
* output: None    


2024-06-19 18:55:55,528 RobotFramework INFO => Releasing special key ENTER.

* params: None    
* function duration: None            | * time elapsed: None           
* success:None    
* output: None    


2024-06-19 18:56:05,553 RobotFramework INFO => Clicking element '<selenium.webdriver.remote.webelement.WebElement (session="141c9ff0c46cd2575635c3d97fefeb67", element="f.0BEE649B8720139A00C2210C48F3BEFB.d.178DB839FBCF7DA3E9EB42832357CCC6.e.246")>'.

* params: None    
* function duration: None            | * time elapsed: None           
* success:None    
* output: None    


2024-06-19 18:56:26,236 RobotFramework INFO => Clicking element '<selenium.webdriver.remote.webelement.WebElement (session="141c9ff0c46cd2575635c3d97fefeb67", element="f.0BEE649B8720139A00C2210C48F3BEFB.d.178DB839FBCF7DA3E9EB42832357CCC6.e.246")>'.

* params: None    
* function duration: None            | * time elapsed: None           
* success:None    
* output: None    


