2024-06-18 22:27:58,337 [START] INFO => Process started by User. Args: ['C:\\Users\\User\\OneDrive\\Área de Trabalho\\Test-RPA\\p000_main.py']

* params: None    
* function duration: None            | * time elapsed: None           
* success:None    
* output: None    


2024-06-18 22:27:58,358 [P001_PROJECT_SETUP] [T01_PROJECT_SETUP]  INFO => Configurações do projeto

* params: []      
* function duration: 0.019704s       | * time elapsed: 0.911612s      
* success: true   
* output: COnfiguração realizda.


2024-06-18 22:28:01,744 RPA.Browser.Selenium INFO => Webdriver version taken into use: ChromeDriver 126.0.6478.62 (b2781ca4c383af675f7a25c7b03b4a54e25e559a-refs/branch-heads/6478_56@{#4})


* params: None    
* function duration: None            | * time elapsed: None           
* success:None    
* output: None    


2024-06-18 22:28:01,750 RobotFramework INFO => Creating an instance of the Chrome WebDriver.

* params: None    
* function duration: None            | * time elapsed: None           
* success:None    
* output: None    


2024-06-18 22:28:02,917 RPA.Browser.Selenium INFO => Created Chrome browser (version 126.0.6478) with arguments: --start-maximized --disable-dev-shm-usage --disable-web-security --allow-running-insecure-content --no-sandbox

* params: None    
* function duration: None            | * time elapsed: None           
* success:None    
* output: None    


2024-06-18 22:28:02,918 RobotFramework INFO => <p>Attempted combinations:</p><div class="doc"><table><tr><th>Browser</th><th>Download</th><th>Error</th></tr><tr><td>Chrome</td><td>False</td><td></td></tr></table></div>

* params: None    
* function duration: None            | * time elapsed: None           
* success:None    
* output: None    


2024-06-18 22:28:02,918 RobotFramework INFO => Opening url 'https://www.reuters.com/'

* params: None    
* function duration: None            | * time elapsed: None           
* success:None    
* output: None    


2024-06-18 22:28:55,127 [P002_ACCESS_SITE] [T01_OPEN_BROWSER]  INFO => None

* params: ["<class 'p002_yahoo_news.P002_Access_Site'>"]
* function duration: 56.706159s      | * time elapsed: 57.680479s     
* success: true   
* output: Site opened


2024-06-18 22:29:02,326 RobotFramework INFO => Clicking element 'css:.button__flat__s_9Zl'.

* params: None    
* function duration: None            | * time elapsed: None           
* success:None    
* output: None    


2024-06-18 22:29:03,720 RobotFramework INFO => Typing text 'economy' into text field 'css:.form-field__input-wrapper__1ibWu input[data-testid='FormField:input']'.

* params: None    
* function duration: None            | * time elapsed: None           
* success:None    
* output: None    


2024-06-18 22:29:11,526 RobotFramework INFO => Clicking element 'css:.button__flat__s_9Zl'.

* params: None    
* function duration: None            | * time elapsed: None           
* success:None    
* output: None    


2024-06-18 22:29:54,85 RobotFramework INFO => Clicking element 'css:.search-bar__icon__ORXTq'.

* params: None    
* function duration: None            | * time elapsed: None           
* success:None    
* output: None    


