2024-06-20 15:58:02,610 [START] INFO => Process started by User. Args: ['C:\\Users\\User\\OneDrive\\Área de Trabalho\\Test-RPA\\p000_main.py']

* params: None    
* function duration: None            | * time elapsed: None           
* success:None    
* output: None    


2024-06-20 15:58:02,620 [P001_PROJECT_SETUP] [T01_PROJECT_SETUP]  INFO => Configurações do projeto

* params: []      
* function duration: 0.008652s       | * time elapsed: 0.858973s      
* success: true   
* output: COnfiguração realizda.


2024-06-20 15:58:03,905 RPA.Browser.Selenium INFO => Webdriver version taken into use: ChromeDriver 126.0.6478.62 (b2781ca4c383af675f7a25c7b03b4a54e25e559a-refs/branch-heads/6478_56@{#4})


* params: None    
* function duration: None            | * time elapsed: None           
* success:None    
* output: None    


2024-06-20 15:58:03,911 RobotFramework INFO => Creating an instance of the Chrome WebDriver.

* params: None    
* function duration: None            | * time elapsed: None           
* success:None    
* output: None    


2024-06-20 15:58:05,100 RPA.Browser.Selenium INFO => Created Chrome browser (version 126.0.6478) with arguments: --start-maximized --disable-dev-shm-usage --disable-web-security --allow-running-insecure-content --no-sandbox

* params: None    
* function duration: None            | * time elapsed: None           
* success:None    
* output: None    


2024-06-20 15:58:05,101 RobotFramework INFO => <p>Attempted combinations:</p><div class="doc"><table><tr><th>Browser</th><th>Download</th><th>Error</th></tr><tr><td>Chrome</td><td>False</td><td></td></tr></table></div>

* params: None    
* function duration: None            | * time elapsed: None           
* success:None    
* output: None    


2024-06-20 15:58:05,101 RobotFramework INFO => Opening url 'https://www.latimes.com/'

* params: None    
* function duration: None            | * time elapsed: None           
* success:None    
* output: None    


2024-06-20 15:58:08,948 [P002_ACCESS_SITE] [T01_OPEN_BROWSER]  INFO => None

* params: ["<class 'p002_yahoo_news.P002_Access_Site'>"]
* function duration: 6.274542s       | * time elapsed: 7.188107s      
* success: true   
* output: Site opened


2024-06-20 15:58:08,959 RobotFramework INFO => Clicking element 'xpath://button[@data-element='search-button']'.

* params: None    
* function duration: None            | * time elapsed: None           
* success:None    
* output: None    


2024-06-20 15:58:09,15 RobotFramework INFO => Typing text 'politic in USA' into text field '<selenium.webdriver.remote.webelement.WebElement (session="77846638ec70df36b7c3f03c3ecdd968", element="f.EE91ABF4F9347EC45EF6BB8DF91BA037.d.0A6A5375ED5595C51A46EE46D640C827.e.68")>'.

* params: None    
* function duration: None            | * time elapsed: None           
* success:None    
* output: None    


2024-06-20 15:58:09,74 RobotFramework INFO => Sending key(s) ('ENTER',) to <selenium.webdriver.remote.webelement.WebElement (session="77846638ec70df36b7c3f03c3ecdd968", element="f.EE91ABF4F9347EC45EF6BB8DF91BA037.d.0A6A5375ED5595C51A46EE46D640C827.e.68")> element.

* params: None    
* function duration: None            | * time elapsed: None           
* success:None    
* output: None    


2024-06-20 15:58:09,345 RobotFramework INFO => Pressing special key ENTER to element.

* params: None    
* function duration: None            | * time elapsed: None           
* success:None    
* output: None    


2024-06-20 15:58:09,346 RobotFramework INFO => Releasing special key ENTER.

* params: None    
* function duration: None            | * time elapsed: None           
* success:None    
* output: None    


2024-06-20 15:58:10,511 [P002_ACCESS_SITE] [T02_SEARCH_NEWS]  INFO => Search the news on the portal

* params: ["<class 'p002_yahoo_news.P002_Access_Site'>"]
* function duration: 1.562034s       | * time elapsed: 8.750938s      
* success: true   
* output: News obtained.


2024-06-20 15:58:11,709 RobotFramework INFO => Opening url 'https://www.latimes.com/search?q=politic+in+USA&p=2'

* params: None    
* function duration: None            | * time elapsed: None           
* success:None    
* output: None    


2024-06-20 15:58:14,36 RobotFramework INFO => Opening url 'https://www.latimes.com/search?q=politic+in+USA&p=3'

* params: None    
* function duration: None            | * time elapsed: None           
* success:None    
* output: None    


2024-06-20 15:58:15,726 [P002_ACCESS_SITE] [T03_GET_NEWSINFO]  INFO => Get information from the news found

* params: ["<class 'p002_yahoo_news.P002_Access_Site'>"]
* function duration: 5.213903s       | * time elapsed: 13.965617s     
* success: true   
* output: News information obtained.


