2024-06-18 22:10:16,106 [START] INFO => Process started by User. Args: ['C:\\Users\\User\\OneDrive\\Área de Trabalho\\Test-RPA\\p000_main.py']

* params: None    
* function duration: None            | * time elapsed: None           
* success:None    
* output: None    


2024-06-18 22:10:16,127 [P001_PROJECT_SETUP] [T01_PROJECT_SETUP]  INFO => Configurações do projeto

* params: []      
* function duration: 0.020787s       | * time elapsed: 1.104347s      
* success: true   
* output: COnfiguração realizda.


2024-06-18 22:10:21,52 RPA.Browser.Selenium INFO => Webdriver version taken into use: ChromeDriver 126.0.6478.62 (b2781ca4c383af675f7a25c7b03b4a54e25e559a-refs/branch-heads/6478_56@{#4})


* params: None    
* function duration: None            | * time elapsed: None           
* success:None    
* output: None    


2024-06-18 22:10:21,54 RobotFramework INFO => Creating an instance of the Chrome WebDriver.

* params: None    
* function duration: None            | * time elapsed: None           
* success:None    
* output: None    


2024-06-18 22:10:22,249 RPA.Browser.Selenium INFO => Created Chrome browser (version 126.0.6478) with arguments: --disable-dev-shm-usage --disable-web-security --allow-running-insecure-content --no-sandbox

* params: None    
* function duration: None            | * time elapsed: None           
* success:None    
* output: None    


2024-06-18 22:10:22,250 RobotFramework INFO => <p>Attempted combinations:</p><div class="doc"><table><tr><th>Browser</th><th>Download</th><th>Error</th></tr><tr><td>Chrome</td><td>False</td><td></td></tr></table></div>

* params: None    
* function duration: None            | * time elapsed: None           
* success:None    
* output: None    


2024-06-18 22:10:22,251 RobotFramework INFO => Opening url 'https://news.yahoo.com/'

* params: None    
* function duration: None            | * time elapsed: None           
* success:None    
* output: None    


2024-06-18 22:10:26,71 [P002_ACCESS_SITE] [T01_OPEN_BROWSER]  INFO => None

* params: ["<class 'p002_yahoo_news.P002_Access_Site'>"]
* function duration: 9.855299s       | * time elapsed: 11.048282s     
* success: true   
* output: Yahoo News opened


2024-06-18 22:10:30,853 RobotFramework INFO => Clicking element 'ybar-sbq'.

* params: None    
* function duration: None            | * time elapsed: None           
* success:None    
* output: None    


