2024-06-18 22:07:13,294 [START] INFO => Process started by User. Args: ['C:\\Users\\User\\OneDrive\\Área de Trabalho\\Test-RPA\\p000_main.py']

* params: None    
* function duration: None            | * time elapsed: None           
* success:None    
* output: None    


2024-06-18 22:07:13,313 [P001_PROJECT_SETUP] [T01_PROJECT_SETUP]  INFO => Configurações do projeto

* params: []      
* function duration: 0.018136s       | * time elapsed: 0.921374s      
* success: true   
* output: COnfiguração realizda.


2024-06-18 22:07:17,965 RPA.Browser.Selenium INFO => Webdriver version taken into use: ChromeDriver 118.0.5993.70 (e52f33f30b91b4ddfad649acddc39ab570473b86-refs/branch-heads/5993@{#1216})


* params: None    
* function duration: None            | * time elapsed: None           
* success:None    
* output: None    


2024-06-18 22:07:17,973 RobotFramework INFO => Creating an instance of the Chrome WebDriver.

* params: None    
* function duration: None            | * time elapsed: None           
* success:None    
* output: None    


2024-06-18 22:07:22,701 RPA.core.webdriver INFO => Downloaded webdriver to: C:\Users\User\AppData\Local\robocorp\webdrivers\.wdm\drivers\chromedriver\win64\126.0.6478.62\chromedriver-win32/chromedriver.exe

* params: None    
* function duration: None            | * time elapsed: None           
* success:None    
* output: None    


2024-06-18 22:07:22,860 RPA.Browser.Selenium INFO => Webdriver version taken into use: ChromeDriver 126.0.6478.62 (b2781ca4c383af675f7a25c7b03b4a54e25e559a-refs/branch-heads/6478_56@{#4})


* params: None    
* function duration: None            | * time elapsed: None           
* success:None    
* output: None    


2024-06-18 22:07:22,862 RobotFramework INFO => Creating an instance of the Chrome WebDriver.

* params: None    
* function duration: None            | * time elapsed: None           
* success:None    
* output: None    


2024-06-18 22:07:23,984 RPA.Browser.Selenium INFO => Created Chrome browser (version 126.0.6478) with arguments: --disable-dev-shm-usage --disable-web-security --allow-running-insecure-content --no-sandbox

* params: None    
* function duration: None            | * time elapsed: None           
* success:None    
* output: None    


2024-06-18 22:07:23,985 RobotFramework INFO => <p>Attempted combinations:</p><div class="doc"><table><tr><th>Browser</th><th>Download</th><th>Error</th></tr><tr><td>Chrome</td><td>False</td><td>Message: session not created: This version of ChromeDriver only supports Chrome version 118
Current browser version is 126.0.6478.61 with binary path C:\Program Files\Google\Chrome\Application\chrome.exe
Stacktrace:
	GetHandleVerifier [0x00007FF7C0A38EF2+54786]
	(No symbol) [0x00007FF7C09A5612]
	(No symbol) [0x00007FF7C085A64B]
	(No symbol) [0x00007FF7C088DC22]
	(No symbol) [0x00007FF7C088D07C]
	(No symbol) [0x00007FF7C0887E03]
	(No symbol) [0x00007FF7C08853BE]
	(No symbol) [0x00007FF7C08C3FBB]
	(No symbol) [0x00007FF7C08C3A30]
	(No symbol) [0x00007FF7C08BBC43]
	(No symbol) [0x00007FF7C0890941]
	(No symbol) [0x00007FF7C0891B84]
	GetHandleVerifier [0x00007FF7C0D87F52+3524194]
	GetHandleVerifier [0x00007FF7C0DDD800+3874576]
	GetHandleVerifier [0x00007FF7C0DD5D7F+3843215]
	GetHandleVerifier [0x00007FF7C0AD5086+694166]
	(No symbol) [0x00007FF7C09B0A88]
	(No symbol) [0x00007FF7C09ACA94]
	(No symbol) [0x00007FF7C09ACBC2]
	(No symbol) [0x00007FF7C099CC83]
	BaseThreadInitThunk [0x00007FFBADB27344+20]
	RtlUserThreadStart [0x00007FFBAE3E26B1+33]
</td></tr><tr><td>Chrome</td><td>True</td><td></td></tr></table></div>

* params: None    
* function duration: None            | * time elapsed: None           
* success:None    
* output: None    


2024-06-18 22:07:23,987 RobotFramework INFO => Opening url 'https://news.yahoo.com/'

* params: None    
* function duration: None            | * time elapsed: None           
* success:None    
* output: None    


2024-06-18 22:08:06,178 [P002_ACCESS_SITE] [T01_OPEN_BROWSER]  INFO => None

* params: ["<class 'p002_yahoo_news.P002_Access_Site'>"]
* function duration: 52.801558s      | * time elapsed: 53.786150s     
* success: true   
* output: Yahoo News opened


2024-06-18 22:08:06,190 RobotFramework INFO => Clicking element 'ybar-sbq'.

* params: None    
* function duration: None            | * time elapsed: None           
* success:None    
* output: None    


2024-06-18 22:08:06,242 [P002_ACCESS_SITE] [T02_SEARCH_NEWS]  INFO => None

* params: ["<class 'p002_yahoo_news.P002_Access_Site'>"]
* function duration: 0.063037s       | * time elapsed: 53.850006s     
* success: true   
* output:  issues encontradas.


2024-06-18 22:08:06,243 [END] INFO => Process finished with code 0. Duration: 53.851833s s

* params: None    
* function duration: None            | * time elapsed: None           
* success:None    
* output: None    


