2024-06-20 14:57:03,112 [START] INFO => Process started by User. Args: ['C:\\Users\\User\\OneDrive\\Área de Trabalho\\Test-RPA\\p000_main.py']

* params: None    
* function duration: None            | * time elapsed: None           
* success:None    
* output: None    


2024-06-20 14:57:03,122 [P001_PROJECT_SETUP] [T01_PROJECT_SETUP]  INFO => Configurações do projeto

* params: []      
* function duration: 0.009198s       | * time elapsed: 0.907218s      
* success: true   
* output: COnfiguração realizda.


2024-06-20 14:57:04,385 RPA.Browser.Selenium INFO => Webdriver version taken into use: ChromeDriver 126.0.6478.62 (b2781ca4c383af675f7a25c7b03b4a54e25e559a-refs/branch-heads/6478_56@{#4})


* params: None    
* function duration: None            | * time elapsed: None           
* success:None    
* output: None    


2024-06-20 14:57:04,389 RobotFramework INFO => Creating an instance of the Chrome WebDriver.

* params: None    
* function duration: None            | * time elapsed: None           
* success:None    
* output: None    


2024-06-20 14:57:05,497 RPA.Browser.Selenium INFO => Created Chrome browser (version 126.0.6478) with arguments: --start-maximized --disable-dev-shm-usage --disable-web-security --allow-running-insecure-content --no-sandbox

* params: None    
* function duration: None            | * time elapsed: None           
* success:None    
* output: None    


2024-06-20 14:57:05,498 RobotFramework INFO => <p>Attempted combinations:</p><div class="doc"><table><tr><th>Browser</th><th>Download</th><th>Error</th></tr><tr><td>Chrome</td><td>False</td><td></td></tr></table></div>

* params: None    
* function duration: None            | * time elapsed: None           
* success:None    
* output: None    


2024-06-20 14:57:05,499 RobotFramework INFO => Opening url 'https://www.latimes.com/'

* params: None    
* function duration: None            | * time elapsed: None           
* success:None    
* output: None    


2024-06-20 14:57:12,27 [P002_ACCESS_SITE] [T01_OPEN_BROWSER]  INFO => None

* params: ["<class 'p002_yahoo_news.P002_Access_Site'>"]
* function duration: 8.849387s       | * time elapsed: 9.811917s      
* success: true   
* output: Site opened


2024-06-20 14:57:12,42 RobotFramework INFO => Clicking element 'xpath://button[@data-element='search-button']'.

* params: None    
* function duration: None            | * time elapsed: None           
* success:None    
* output: None    


2024-06-20 14:57:12,142 RobotFramework INFO => Typing text 'economy' into text field '<selenium.webdriver.remote.webelement.WebElement (session="b61910749986cb5666dc76a144f415b8", element="f.4FBF1FDE25815E0E46D08F74B5FE7C3D.d.001248F0CD4750B687E24D7F517B7491.e.71")>'.

* params: None    
* function duration: None            | * time elapsed: None           
* success:None    
* output: None    


2024-06-20 14:57:12,193 RobotFramework INFO => Sending key(s) ('ENTER',) to <selenium.webdriver.remote.webelement.WebElement (session="b61910749986cb5666dc76a144f415b8", element="f.4FBF1FDE25815E0E46D08F74B5FE7C3D.d.001248F0CD4750B687E24D7F517B7491.e.71")> element.

* params: None    
* function duration: None            | * time elapsed: None           
* success:None    
* output: None    


2024-06-20 14:57:12,491 RobotFramework INFO => Pressing special key ENTER to element.

* params: None    
* function duration: None            | * time elapsed: None           
* success:None    
* output: None    


2024-06-20 14:57:12,492 RobotFramework INFO => Releasing special key ENTER.

* params: None    
* function duration: None            | * time elapsed: None           
* success:None    
* output: None    


2024-06-20 14:57:13,630 [P002_ACCESS_SITE] [T02_SEARCH_NEWS]  INFO => Search the news on the portal

* params: ["<class 'p002_yahoo_news.P002_Access_Site'>"]
* function duration: 1.603301s       | * time elapsed: 11.415970s     
* success: true   
* output: News obtained.


2024-06-20 14:57:19,548 [P002_ACCESS_SITE] [T03_GET_NEWSINFO]  INFO => Get information from the news found

* params: ["<class 'p002_yahoo_news.P002_Access_Site'>"]
* function duration: 5.915889s       | * time elapsed: 17.332508s     
* success: true   
* output: News information obtained.


2024-06-20 14:57:19,852 [P003_WRITE_IN_EXCEL_FILE] [T01_CREATE_EXCEL_FILE]  INFO => Cria um novo arquivo json com as issues obtidas do jira

* params: ["{'success': True, 'logOutput': 'News information obtained.', 'data': [{'Title': 'Letters to the Editor: The economy is fine, but the Biden campaign’s economic strategy is brain-dead', 'Description': 'Voters care only about prices. Biden might as well be speaking another language when he tells them that the economy is improving.', 'Filepath': 'Assets\\\\Libraries\\\\Images\\\\Editor: The economy.png', 'Money_in_text': False, 'Occurrences': (1, 1)}, {'Title': 'Wall Street cleaves between winners and losers on report showing slowing economy', 'Description': 'U.S. stocks were split among winners and losers after a report suggested the job market is cooling, which could offer both upsides and downsides for Wall Street', 'Filepath': 'Assets\\\\Libraries\\\\Images\\\\between winners and.png', 'Money_in_text': False, 'Occurrences': (1, 0)}, {'Title': 'Wall Street drifts to mixed finish after the latest signal of a slowing economy', 'Description': 'U.S. stocks drifted to a mixed finish Monday after the latest signal showing the U.S. economy is slowing.', 'Filepath': 'Assets\\\\Libraries\\\\Images\\\\to mixed finish.png', 'Money_in_text': False, 'Occurrences': (1, 1)}, {'Title': 'Goldberg: What’s convincing voters that the economy is worse than it ever was?', 'Description': 'Pulled between political catastrophe and salvation, voters in high numbers are objectively wrong. It’s a huge problem for Biden.', 'Filepath': 'Assets\\\\Libraries\\\\Images\\\\voters that the.png', 'Money_in_text': False, 'Occurrences': (1, 0)}, {'Title': 'Surge in Manufacturing Jobs Boosts Local Economies', 'Description': 'A recent report published by the NAIOP Research Foundation, in partnership with Newmark, examines the surge of manufacturing jobs reshoring and the impact on industrial real estate, local communities and the broader economy.', 'Filepath': 'Assets\\\\Libraries\\\\Images\\\\Jobs Boosts Local.png', 'Money_in_text': False, 'Occurrences': (0, 1)}, {'Title': 'Arizona’s economy is booming. But Biden struggles to reap benefits from voters', 'Description': 'President Biden’s push to expand semiconductor and green technology manufacturing has poured billions into battleground states like Arizona.', 'Filepath': 'Assets\\\\Libraries\\\\Images\\\\booming. But Biden.png', 'Money_in_text': False, 'Occurrences': (1, 0)}, {'Title': 'California’s wealthiest farm family plans mega-warehouse complex that would reshape Kern economy', 'Description': 'The Wonderful Co., known for its pomegranate juice and pistachios, is pursuing a massive warehousing complex in Kern County that would fundamentally transform the economy in a region long reliant on agriculture and oil.', 'Filepath': 'Assets\\\\Libraries\\\\Images\\\\family plans mega-warehouse.png', 'Money_in_text': False, 'Occurrences': (1, 1)}]}"]
* function duration: 0.303722s       | * time elapsed: 17.637374s     
* success: true   
* output:         


2024-06-20 14:57:19,853 [END] INFO => Process finished with code 0. Duration: 17.638365s s

* params: None    
* function duration: None            | * time elapsed: None           
* success:None    
* output: None    


