2023-10-12 19:53:52,522 [START] INFO => Process started by diana.s. Args: ['D:\\RPA\\template\\p000_main.py', 'false']

* params: None    
* function duration: None            | * time elapsed: None           
* success:None    
* output: None    


2023-10-12 19:53:52,618 [P001_PROJECT_SETUP] [T01_PROJECT_SETUP]  INFO => Configurações do projeto

* params: []      
* function duration: 0.099970s       | * time elapsed: 4.552754s      
* success: true   
* output: COnfiguração realizda.


2023-10-12 19:55:01,33 [P001_PROJECT_SETUP] [T02_CREATE_JIRA_INSTANCE]  INFO => None

* params: []      
* function duration: 68.404638s      | * time elapsed: 72.958401s     
* success: true   
* output: Instância do jira criada no servidor https://jira.sidi.org.br. Cookies: [{'domain': 'jira.sidi.org.br', 'httpOnly': False, 'name': 'atlassian.xsrf.token', 'path': '/', 'sameSite': 'Lax', 'secure': True, 'value': 'BOFA-3JJM-HPI5-RE06_5c77dc1d8eec65cf8a398b05ece2162fe91524ce_lout'}, {'domain': 'jira.sidi.org.br', 'httpOnly': True, 'name': 'JSESSIONID', 'path': '/', 'sameSite': 'Lax', 'secure': True, 'value': '7F6DF61E5DE4A7BA341FD50B793FB300'}, {'domain': 'jira.sidi.org.br', 'httpOnly': False, 'name': 'AzureAppProxyAccessCookie_08cb1455-5466-45eb-aaeb-8e32d6b431de_1.3', 'path': '/', 'sameSite': 'None', 'secure': True, 'value': '4|omQZZLKiVTINhfdNGLbeqKCCLFQu3ssQZ4ueaMVyehYNEoulrLuNJjCG1ZwRVAUaXtPI0L1PlPP01vVPUATfEepVe3H/zy60LIUisvW+yzC43ycQINjWeIpoVBuKYugVDptAePGpKirzHle86bHsqn56US/Khv9M4GSHX/S7CSr+Bs+Rh8sN6vtOhm0ret2fpW+UmJ236A/tY2n18VhNrtmG+fkNhiLo7MsJSAWb85qHsCyQnBEjnfyfWaoQEoln93xlOIfqYcdl3TEDpDmV+ppNU/sY6d20qphKA2j+Y4ao6KUyQ38rgIiAyjsR0FOoC6p1awau2uvWCGBvVH4w2aXcO8MkP2bSWnAff49B+dxiAFx8npt9TBpkgn57Ma23OPE0uPM72PvBttJxOj3PCOM0vTupfsg1CvPMRuhJkivH68LzkoD7vIeuvgwzD1VD+NG88eUGCc5SCcTFyaD79g=='}, {'domain': 'jira.sidi.org.br', 'httpOnly': False, 'name': 'AzureAppProxyAnalyticCookie_08cb1455-5466-45eb-aaeb-8e32d6b431de_https_1.3', 'path': '/', 'sameSite': 'None', 'secure': True, 'value': '4|PG/jLPz50chku181cGc4xtC+4G9w1jQZMtQc3i0ZcZYLaMrh0/vTIwVvL01WlHLGB0ZccJ1HCh/LYugQQlQ8XePQUunB1ZjQ8Dl3D3qzp+p0KwCDRZ9uyg7Dz4qK44Que4Sm9UUQWKPZ9reg06gjiw=='}, {'domain': 'jira.sidi.org.br', 'expiry': 1697151855, 'httpOnly': False, 'name': 'AzureAppProxyPreauthSessionCookie_08cb1455-5466-45eb-aaeb-8e32d6b431de_1b4048d1-8bb9-4c76-a5d7-b0aaaf663de9_1.4', 'path': '/', 'sameSite': 'None', 'secure': True, 'value': '4|Vq09W7rfGKL9Hweu2K58r6Pmwmsq7Ea6zeKgjATezKkvRRFZIYdOHrZT0vQKfFw/0EDAc+W5+m254XsN9S/cZycpw5Ro2BOZ758/wN0zyFVpg10mKCk5AESGBIVJSXAl8LUVdP3f9Zurj21EqqJehCTPobTfw0QEeQ7S7f5WKmoZmmPKbpAn52jRKDApa2pR7ffiUblDXT0ao344zlBjgmVDCR/ZmlGour7wkjCDTfTkwrx3uhM0WEISoxnixocigVdfX9EUcu28B5ePKxpdrQ=='}].


2023-10-12 19:55:18,164 [P002_GET_JIRA_ISSUES] [T02_GET_JIRA_ISSUES]  INFO =>  Get Jira Reimbursement issues 

* params: []      
* function duration: 17.128892s      | * time elapsed: 90.089336s     
* success: true   
* output: 343 issues encontradas.


