2024-06-18 22:18:01,238 [START] INFO => Process started by User. Args: ['C:\\Users\\User\\OneDrive\\Área de Trabalho\\Test-RPA\\p000_main.py']

* params: None    
* function duration: None            | * time elapsed: None           
* success:None    
* output: None    


2024-06-18 22:18:01,260 [P001_PROJECT_SETUP] [T01_PROJECT_SETUP]  INFO => Configurações do projeto

* params: []      
* function duration: 0.020250s       | * time elapsed: 0.931860s      
* success: true   
* output: COnfiguração realizda.


2024-06-18 22:18:04,243 RPA.Browser.Selenium INFO => Webdriver version taken into use: ChromeDriver 126.0.6478.62 (b2781ca4c383af675f7a25c7b03b4a54e25e559a-refs/branch-heads/6478_56@{#4})


* params: None    
* function duration: None            | * time elapsed: None           
* success:None    
* output: None    


2024-06-18 22:18:04,244 RobotFramework INFO => Creating an instance of the Chrome WebDriver.

* params: None    
* function duration: None            | * time elapsed: None           
* success:None    
* output: None    


2024-06-18 22:18:05,378 RPA.Browser.Selenium INFO => Created Chrome browser (version 126.0.6478) with arguments: --disable-dev-shm-usage --disable-web-security --allow-running-insecure-content --no-sandbox

* params: None    
* function duration: None            | * time elapsed: None           
* success:None    
* output: None    


2024-06-18 22:18:05,379 RobotFramework INFO => <p>Attempted combinations:</p><div class="doc"><table><tr><th>Browser</th><th>Download</th><th>Error</th></tr><tr><td>Chrome</td><td>False</td><td></td></tr></table></div>

* params: None    
* function duration: None            | * time elapsed: None           
* success:None    
* output: None    


2024-06-18 22:18:05,380 RobotFramework INFO => Opening url 'https://www.reuters.com/'

* params: None    
* function duration: None            | * time elapsed: None           
* success:None    
* output: None    


2024-06-18 22:18:45,355 [P002_ACCESS_SITE] [T01_OPEN_BROWSER]  INFO => None

* params: ["<class 'p002_yahoo_news.P002_Access_Site'>"]
* function duration: 44.034709s      | * time elapsed: 45.027345s     
* success: true   
* output: Site opened


2024-06-18 22:23:01,575 RobotFramework INFO => Clicking element 'search-bar__icon__ORXTq'.

* params: None    
* function duration: None            | * time elapsed: None           
* success:None    
* output: None    


