2024-06-19 19:19:54,353 [START] INFO => Process started by User. Args: ['C:\\Users\\User\\OneDrive\\Área de Trabalho\\Test-RPA\\p000_main.py']

* params: None    
* function duration: None            | * time elapsed: None           
* success:None    
* output: None    


2024-06-19 19:19:54,374 [P001_PROJECT_SETUP] [T01_PROJECT_SETUP]  INFO => Configurações do projeto

* params: []      
* function duration: 0.019780s       | * time elapsed: 0.934108s      
* success: true   
* output: COnfiguração realizda.


2024-06-19 19:19:56,873 RPA.Browser.Selenium INFO => Webdriver version taken into use: ChromeDriver 126.0.6478.62 (b2781ca4c383af675f7a25c7b03b4a54e25e559a-refs/branch-heads/6478_56@{#4})


* params: None    
* function duration: None            | * time elapsed: None           
* success:None    
* output: None    


2024-06-19 19:19:56,875 RobotFramework INFO => Creating an instance of the Chrome WebDriver.

* params: None    
* function duration: None            | * time elapsed: None           
* success:None    
* output: None    


2024-06-19 19:19:58,50 RPA.Browser.Selenium INFO => Created Chrome browser (version 126.0.6478) with arguments: --start-maximized --disable-dev-shm-usage --disable-web-security --allow-running-insecure-content --no-sandbox

* params: None    
* function duration: None            | * time elapsed: None           
* success:None    
* output: None    


2024-06-19 19:19:58,52 RobotFramework INFO => <p>Attempted combinations:</p><div class="doc"><table><tr><th>Browser</th><th>Download</th><th>Error</th></tr><tr><td>Chrome</td><td>False</td><td></td></tr></table></div>

* params: None    
* function duration: None            | * time elapsed: None           
* success:None    
* output: None    


2024-06-19 19:19:58,54 RobotFramework INFO => Opening url 'https://www.latimes.com/'

* params: None    
* function duration: None            | * time elapsed: None           
* success:None    
* output: None    


2024-06-19 19:20:13,566 [P002_ACCESS_SITE] [T01_OPEN_BROWSER]  INFO => None

* params: ["<class 'p002_yahoo_news.P002_Access_Site'>"]
* function duration: 19.128026s      | * time elapsed: 20.126158s     
* success: true   
* output: Site opened


2024-06-19 19:20:13,580 RobotFramework INFO => Clicking element 'xpath://button[@data-element='search-button']'.

* params: None    
* function duration: None            | * time elapsed: None           
* success:None    
* output: None    


2024-06-19 19:20:13,629 RobotFramework INFO => Typing text 'economy' into text field '<selenium.webdriver.remote.webelement.WebElement (session="5300deb8f37605c0c4821b32f3f63187", element="f.A98FAAD1FB253BE441A32E7CE843CECE.d.5A1F68FBE6F0467BDFEED4FF457FAD7A.e.65")>'.

* params: None    
* function duration: None            | * time elapsed: None           
* success:None    
* output: None    


2024-06-19 19:20:13,689 RobotFramework INFO => Sending key(s) ('ENTER',) to <selenium.webdriver.remote.webelement.WebElement (session="5300deb8f37605c0c4821b32f3f63187", element="f.A98FAAD1FB253BE441A32E7CE843CECE.d.5A1F68FBE6F0467BDFEED4FF457FAD7A.e.65")> element.

* params: None    
* function duration: None            | * time elapsed: None           
* success:None    
* output: None    


2024-06-19 19:20:13,986 RobotFramework INFO => Pressing special key ENTER to element.

* params: None    
* function duration: None            | * time elapsed: None           
* success:None    
* output: None    


2024-06-19 19:20:13,987 RobotFramework INFO => Releasing special key ENTER.

* params: None    
* function duration: None            | * time elapsed: None           
* success:None    
* output: None    


