2024-06-18 22:25:08,73 [START] INFO => Process started by User. Args: ['C:\\Users\\User\\OneDrive\\Área de Trabalho\\Test-RPA\\p000_main.py']

* params: None    
* function duration: None            | * time elapsed: None           
* success:None    
* output: None    


2024-06-18 22:25:08,99 [P001_PROJECT_SETUP] [T01_PROJECT_SETUP]  INFO => Configurações do projeto

* params: []      
* function duration: 0.025056s       | * time elapsed: 1.003230s      
* success: true   
* output: COnfiguração realizda.


2024-06-18 22:25:11,911 RPA.Browser.Selenium INFO => Webdriver version taken into use: ChromeDriver 126.0.6478.62 (b2781ca4c383af675f7a25c7b03b4a54e25e559a-refs/branch-heads/6478_56@{#4})


* params: None    
* function duration: None            | * time elapsed: None           
* success:None    
* output: None    


2024-06-18 22:25:11,912 RobotFramework INFO => Creating an instance of the Chrome WebDriver.

* params: None    
* function duration: None            | * time elapsed: None           
* success:None    
* output: None    


2024-06-18 22:25:13,113 RPA.Browser.Selenium INFO => Created Chrome browser (version 126.0.6478) with arguments: --start-maximized --disable-dev-shm-usage --disable-web-security --allow-running-insecure-content --no-sandbox

* params: None    
* function duration: None            | * time elapsed: None           
* success:None    
* output: None    


2024-06-18 22:25:13,114 RobotFramework INFO => <p>Attempted combinations:</p><div class="doc"><table><tr><th>Browser</th><th>Download</th><th>Error</th></tr><tr><td>Chrome</td><td>False</td><td></td></tr></table></div>

* params: None    
* function duration: None            | * time elapsed: None           
* success:None    
* output: None    


2024-06-18 22:25:13,115 RobotFramework INFO => Opening url 'https://www.reuters.com/'

* params: None    
* function duration: None            | * time elapsed: None           
* success:None    
* output: None    


2024-06-18 22:25:45,998 [P002_ACCESS_SITE] [T01_OPEN_BROWSER]  INFO => None

* params: ["<class 'p002_yahoo_news.P002_Access_Site'>"]
* function duration: 37.814118s      | * time elapsed: 38.902227s     
* success: true   
* output: Site opened


2024-06-18 22:25:50,555 RobotFramework INFO => Clicking element 'css:.button__flat__s_9Zl'.

* params: None    
* function duration: None            | * time elapsed: None           
* success:None    
* output: None    


2024-06-18 22:25:56,468 RobotFramework INFO => Typing text 'economy' into text field '//*[@id="fusion-app"]/header/div/div/div/div/div[3]/div[1]/div/div'.

* params: None    
* function duration: None            | * time elapsed: None           
* success:None    
* output: None    


2024-06-18 22:27:25,643 RobotFramework INFO => Typing text 'Texto a ser digitado' into text field 'css:.form-field__input-wrapper__1ibWu input[data-testid="FormField:input"]'.

* params: None    
* function duration: None            | * time elapsed: None           
* success:None    
* output: None    


