2023-10-12 16:38:44,167 [START] INFO => Process started by diana.s. Args: ['D:\\RPA\\template\\p000_main.py', 'false']

* params: None    
* function duration: None            | * time elapsed: None           
* success:None    
* output: None    


2023-10-12 16:38:44,434 [P001_PROJECT_SETUP] [T01_PROJECT_SETUP]  INFO => Configurações do projeto

* params: []      
* function duration: 0.264266s       | * time elapsed: 0.952439s      
* success: true   
* output: COnfiguração realizda.


2023-10-12 16:39:57,633 [P001_PROJECT_SETUP] [T02_CREATE_JIRA_INSTANCE]  INFO => None

* params: []      
* function duration: 73.199249s      | * time elapsed: 74.152501s     
* success: true   
* output: Instância do jira criada no servidor https://jira.sidi.org.br. Cookies: [{'domain': 'jira.sidi.org.br', 'httpOnly': False, 'name': 'atlassian.xsrf.token', 'path': '/', 'sameSite': 'Lax', 'secure': True, 'value': 'BOFA-3JJM-HPI5-RE06_ed20f81091ee925c16a888786286f01506a6e489_lout'}, {'domain': 'jira.sidi.org.br', 'httpOnly': False, 'name': 'AzureAppProxyAnalyticCookie_08cb1455-5466-45eb-aaeb-8e32d6b431de_https_1.3', 'path': '/', 'sameSite': 'None', 'secure': True, 'value': '4|Y35zNP0o7L/CMp79Slci8KmYTHhIkpKJD/mxeg7maBdsdMaAzH4psbhyFX3XIKryFqxmQeeBrUGQUI98Tnwxpkcjk0SDx9NGI5JpV7ktMM5kwD/34PB/ihZX0dalReqBtPFkAicI1U7GFebT4GwXPw=='}, {'domain': 'jira.sidi.org.br', 'httpOnly': True, 'name': 'JSESSIONID', 'path': '/', 'sameSite': 'Lax', 'secure': True, 'value': '1F94316DA3E3AEF9F47826DF3D9AF508'}, {'domain': 'jira.sidi.org.br', 'httpOnly': False, 'name': 'AzureAppProxyAccessCookie_08cb1455-5466-45eb-aaeb-8e32d6b431de_1.3', 'path': '/', 'sameSite': 'None', 'secure': True, 'value': '4|lhClhhjE+Tg0QBoyvs9NC6nKzrGCkdM2DXkRKQOgW4nFbquJVp88Z3tIl0qnhwDC5iO1SFMznuodwROE+7NHXzcb8zJcNnawtO1uytix/BddN0XiEAx0bCYTMytBfwMBzwcrRFpu25dO/ejyCKhuCxGvVOeJ1Hv1IlwCnWgxePEAQaMlCj4q2tf6pcCCxnkePvYxDmq3WYroPn4u3oWDokAB4gDN4N1svLqKtoAnPuNOaID5gEZgK9MHLibSp8RJtAdngO5TNZDkvWUW+zrgfe5kxkSnRIHyBBm4GtVJOV9CiHcanPmbnjjiCR5V7X4hOVl9UYHz0xYtZ4y0g5CAOTSu5kgMvPXi/2EwM/BwPPJ4WuaL9qpG+UCkZzOMKe+3NsSAlMLFqkmg+bY3hysmBTahLPRP4NJboT5ZpaQCEDmqpKpy4gQfJ44D7PDsAKJzC+GezRHuqFlORemhGl+10Q=='}, {'domain': 'jira.sidi.org.br', 'expiry': 1697140150, 'httpOnly': False, 'name': 'AzureAppProxyPreauthSessionCookie_08cb1455-5466-45eb-aaeb-8e32d6b431de_1d8b02fb-3d40-4a70-bd6e-4a78662f20d6_1.4', 'path': '/', 'sameSite': 'None', 'secure': True, 'value': '4|98244jRPBIK+4XlOha+J8TFGHGMqw7c3KdnUenSvC3Ih3k5XRhiKSBtExErxVRPvPStaAxB1D1o3SBW06WS9BD9844pq3DnSvFpznOsQvffbbK3pF+qATjeDwjFSL+xY9i6foDU25//k1+G9vfSKWYTwFVMfdntCAKA2+xLiEYF+sDTiLT0w1hnsy/Ujv8buYvpXlmL/ynkSPI6sOR8M6KPT1ZVF2AgU+fZ+5X7xpdqwdDzEKnx96/m/MVjghbpIO7RVrzNnErpOJtFKP5xtRQ=='}].


2023-10-12 16:40:36,666 [P002_GET_JIRA_ISSUES] [T02_GET_JIRA_ISSUES]  INFO =>  Get Jira Reimbursement issues 

* params: []      
* function duration: 29.437117s      | * time elapsed: 113.183945s    
* success: true   
* output: 343 issues encontradas.


