2024-06-19 16:31:56,475 [START] INFO => Process started by User. Args: ['C:\\Users\\User\\OneDrive\\Área de Trabalho\\Test-RPA\\p000_main.py']

* params: None    
* function duration: None            | * time elapsed: None           
* success:None    
* output: None    


2024-06-19 16:31:56,491 [P001_PROJECT_SETUP] [T01_PROJECT_SETUP]  INFO => Configurações do projeto

* params: []      
* function duration: 0.015289s       | * time elapsed: 0.947356s      
* success: true   
* output: COnfiguração realizda.


2024-06-19 16:31:58,940 RPA.Browser.Selenium INFO => Webdriver version taken into use: ChromeDriver 126.0.6478.62 (b2781ca4c383af675f7a25c7b03b4a54e25e559a-refs/branch-heads/6478_56@{#4})


* params: None    
* function duration: None            | * time elapsed: None           
* success:None    
* output: None    


2024-06-19 16:31:58,941 RobotFramework INFO => Creating an instance of the Chrome WebDriver.

* params: None    
* function duration: None            | * time elapsed: None           
* success:None    
* output: None    


2024-06-19 16:32:00,55 RPA.Browser.Selenium INFO => Created Chrome browser (version 126.0.6478) with arguments: --start-maximized --disable-dev-shm-usage --disable-web-security --allow-running-insecure-content --no-sandbox

* params: None    
* function duration: None            | * time elapsed: None           
* success:None    
* output: None    


2024-06-19 16:32:00,56 RobotFramework INFO => <p>Attempted combinations:</p><div class="doc"><table><tr><th>Browser</th><th>Download</th><th>Error</th></tr><tr><td>Chrome</td><td>False</td><td></td></tr></table></div>

* params: None    
* function duration: None            | * time elapsed: None           
* success:None    
* output: None    


2024-06-19 16:32:00,56 RobotFramework INFO => Opening url 'https://www.latimes.com/'

* params: None    
* function duration: None            | * time elapsed: None           
* success:None    
* output: None    


2024-06-19 16:32:03,925 [P002_ACCESS_SITE] [T01_OPEN_BROWSER]  INFO => None

* params: ["<class 'p002_yahoo_news.P002_Access_Site'>"]
* function duration: 7.371915s       | * time elapsed: 8.381230s      
* success: true   
* output: Site opened


2024-06-19 16:32:14,138 RobotFramework INFO => Clicking element 'xpath://button[@data-element='search-button']'.

* params: None    
* function duration: None            | * time elapsed: None           
* success:None    
* output: None    


2024-06-19 16:32:15,198 RobotFramework INFO => Typing text 'economy' into text field '<selenium.webdriver.remote.webelement.WebElement (session="af2af9364c3bb40a71580bbe2e869fc0", element="f.965DA32CF3585A446D59A9908060F53B.d.FC2D8A374B76BD08B568989DA19795A4.e.65")>'.

* params: None    
* function duration: None            | * time elapsed: None           
* success:None    
* output: None    


2024-06-19 16:32:15,644 RobotFramework INFO => Sending key(s) ('ENTER',) to <selenium.webdriver.remote.webelement.WebElement (session="af2af9364c3bb40a71580bbe2e869fc0", element="f.965DA32CF3585A446D59A9908060F53B.d.FC2D8A374B76BD08B568989DA19795A4.e.65")> element.

* params: None    
* function duration: None            | * time elapsed: None           
* success:None    
* output: None    


2024-06-19 16:32:15,952 RobotFramework INFO => Pressing special key ENTER to element.

* params: None    
* function duration: None            | * time elapsed: None           
* success:None    
* output: None    


2024-06-19 16:32:15,953 RobotFramework INFO => Releasing special key ENTER.

* params: None    
* function duration: None            | * time elapsed: None           
* success:None    
* output: None    


